<?xml version="1.0" encoding="UTF-8"?>
<!-- Generated by org.testng.reporters.JUnitReportReporter -->
<testsuite hostname="INBANSBELAVAL02" failures="0" tests="1" name="p2.PS1" time="0.022" errors="0" timestamp="2025-03-28T09:26:01 IST" skipped="0">
  <testcase classname="p2.PS1" name="testRun" time="0.022"/>
</testsuite> <!-- p2.PS1 -->
