<?xml version="1.0" encoding="UTF-8"?>
<!-- Generated by org.testng.reporters.JUnitReportReporter -->
<testsuite hostname="INBANSBELAVAL02" failures="0" tests="1" name="p2.testNg" time="0.015" errors="0" timestamp="2025-03-18T09:11:18 IST" skipped="0">
  <testcase classname="p2.testNg" name="demo" time="0.015"/>
</testsuite> <!-- p2.testNg -->
