<?xml version="1.0" encoding="UTF-8"?>
<!-- Generated by org.testng.reporters.JUnitReportReporter -->
<testsuite hostname="INBANSBELAVAL02" failures="0" tests="1" name="shankar.tests.SubmitOrder" time="11.795" errors="0" timestamp="2025-04-23T07:47:27 IST" skipped="0">
  <testcase classname="shankar.tests.SubmitOrder" name="submitOrder" time="11.795"/>
</testsuite> <!-- shankar.tests.SubmitOrder -->
