<?xml version="1.0" encoding="UTF-8"?>
<!-- Generated by org.testng.reporters.JUnitReportReporter -->
<testsuite hostname="INBANSBELAVAL03" failures="0" tests="1" name="shankar.ExtentReports.ExtentReportsDemo" time="5.352" errors="0" timestamp="2025-05-22T09:00:29 IST" skipped="0">
  <testcase classname="shankar.ExtentReports.ExtentReportsDemo" name="initialDemo" time="5.352"/>
</testsuite> <!-- shankar.ExtentReports.ExtentReportsDemo -->
